{
  message: 'API-WS: disconnected from ws://127.0.0.1:9944: 1006:: connection failed',
  level: 'error',
  timestamp: '2020-09-15 19:10:50'
}
{
  message: '(node:38761) UnhandledPromiseRejectionWarning: #<_Event>\n' +
    '(Use `node --trace-warnings ...` to show where the warning was created)',
  level: 'error',
  timestamp: '2020-09-15 19:10:50'
}
{
  message: '(node:38761) UnhandledPromiseRejectionWarning: Unhandled promise rejection. This error originated either by throwing inside of an async function without a catch block, or by rejecting a promise which was not handled with .catch(). To terminate the node process on unhandled promise rejection, use the CLI flag `--unhandled-rejections=strict` (see https://nodejs.org/api/cli.html#cli_unhandled_rejections_mode). (rejection id: 1)',
  level: 'error',
  timestamp: '2020-09-15 19:10:50'
}
{
  message: '(node:38761) [DEP0018] DeprecationWarning: Unhandled promise rejections are deprecated. In the future, promise rejections that are not handled will terminate the Node.js process with a non-zero exit code.',
  level: 'error',
  timestamp: '2020-09-15 19:10:50'
}
{
  message: 'API-WS: disconnected from ws://127.0.0.1:9944: 1006:: connection failed',
  level: 'error',
  timestamp: '2020-09-15 19:10:51'
}
{
  message: 'API-WS: disconnected from ws://127.0.0.1:9944: 1006:: connection failed',
  level: 'error',
  timestamp: '2020-09-15 19:10:52'
}
{
  message: 'API-WS: disconnected from ws://127.0.0.1:9944: 1006:: connection failed',
  level: 'error',
  timestamp: '2020-09-15 19:10:53'
}
{
  message: 'Caught interrupt signal, exiting...',
  level: 'info',
  timestamp: '2020-09-15 19:10:53'
}
{
  message: 'API-WS: disconnected from ws://127.0.0.1:9944: 1006:: connection failed',
  level: 'error',
  timestamp: '2020-09-15 19:12:04'
}
{
  message: '(node:38872) UnhandledPromiseRejectionWarning: #<_Event>\n' +
    '(Use `node --trace-warnings ...` to show where the warning was created)',
  level: 'error',
  timestamp: '2020-09-15 19:12:04'
}
{
  message: '(node:38872) UnhandledPromiseRejectionWarning: Unhandled promise rejection. This error originated either by throwing inside of an async function without a catch block, or by rejecting a promise which was not handled with .catch(). To terminate the node process on unhandled promise rejection, use the CLI flag `--unhandled-rejections=strict` (see https://nodejs.org/api/cli.html#cli_unhandled_rejections_mode). (rejection id: 1)',
  level: 'error',
  timestamp: '2020-09-15 19:12:04'
}
{
  message: '(node:38872) [DEP0018] DeprecationWarning: Unhandled promise rejections are deprecated. In the future, promise rejections that are not handled will terminate the Node.js process with a non-zero exit code.',
  level: 'error',
  timestamp: '2020-09-15 19:12:04'
}
{
  message: 'API-WS: disconnected from ws://127.0.0.1:9944: 1006:: connection failed',
  level: 'error',
  timestamp: '2020-09-15 19:12:05'
}
{
  message: 'API-WS: disconnected from ws://127.0.0.1:9944: 1006:: connection failed',
  level: 'error',
  timestamp: '2020-09-15 19:12:06'
}
{
  message: 'API-WS: disconnected from ws://127.0.0.1:9944: 1006:: connection failed',
  level: 'error',
  timestamp: '2020-09-15 19:12:07'
}
{
  message: 'Caught interrupt signal, exiting...',
  level: 'info',
  timestamp: '2020-09-15 19:12:07'
}
